2021-02-05 10:59:57 INFO  Main:12 - Starting Bank Application.
2021-02-05 11:00:31 INFO  Main:12 - Starting Bank Application.
2021-02-05 11:55:29 INFO  Main:13 - Starting Bank Application.
2021-02-05 11:55:30 ERROR DBConnection:45 - FATAL: no PostgreSQL user name specified in startup packet
2021-02-05 11:56:28 INFO  Main:13 - Starting Bank Application.
2021-02-05 11:56:29 ERROR DBConnection:45 - FATAL: password authentication failed for user "postgres"
2021-02-05 11:56:58 INFO  Main:13 - Starting Bank Application.
2021-02-05 11:56:58 ERROR DBConnection:45 - FATAL: password authentication failed for user "root"
2021-02-05 11:58:15 INFO  Main:13 - Starting Bank Application.
2021-02-05 11:58:15 ERROR DBConnection:45 - FATAL: password authentication failed for user "postgres"
2021-02-05 11:58:52 INFO  Main:13 - Starting Bank Application.
2021-02-05 11:58:52 ERROR DBConnection:45 - FATAL: password authentication failed for user "postgres"
2021-02-05 11:59:20 INFO  Main:13 - Starting Bank Application.
2021-02-05 11:59:20 ERROR DBConnection:45 - FATAL: password authentication failed for user "openpg"
2021-02-05 12:02:13 INFO  Main:13 - Starting Bank Application.
2021-02-05 12:02:13 ERROR DBConnection:44 - The server requested password-based authentication, but no password was provided.
2021-02-05 12:29:37 INFO  Main:13 - Starting Bank Application.
2021-02-05 12:29:37 ERROR DBConnection:49 - FATAL: password authentication failed for user "openpg"
2021-02-05 12:30:32 INFO  Main:13 - Starting Bank Application.
2021-02-05 12:30:33 ERROR DBConnection:49 - ERROR: syntax error at or near "NOT"
  Position: 20
2021-02-05 12:30:54 INFO  Main:13 - Starting Bank Application.
2021-02-05 12:51:20 INFO  Main:13 - Starting Bank Application.
2021-02-05 13:08:57 INFO  Main:13 - Starting Bank Application.
2021-02-05 13:09:07 ERROR DBConnection:60 - ERROR: database "bankdb" is being accessed by other users
  Detail: There are 2 other sessions using the database.
2021-02-05 13:10:57 INFO  Main:13 - Starting Bank Application.
2021-02-05 13:11:07 ERROR DBConnection:51 - ERROR: database "bankdb" is being accessed by other users
  Detail: There are 2 other sessions using the database.
2021-02-05 13:12:34 INFO  Main:13 - Starting Bank Application.
2021-02-05 13:12:44 ERROR DBConnection:52 - ERROR: database "bankdb" is being accessed by other users
  Detail: There are 2 other sessions using the database.
2021-02-05 13:12:44 ERROR DBConnection:76 - ERROR: relation "users" already exists
2021-02-05 13:16:15 INFO  Main:13 - Starting Bank Application.
2021-02-05 13:16:24 ERROR DBConnection:52 - ERROR: database "bankdb" is being accessed by other users
  Detail: There are 2 other sessions using the database.
2021-02-05 13:17:48 INFO  Main:13 - Starting Bank Application.
2021-02-05 13:17:57 ERROR DBConnection:52 - ERROR: database "bankdb" is being accessed by other users
  Detail: There are 2 other sessions using the database.
2021-02-05 13:17:57 ERROR DBConnection:76 - ERROR: relation "users" already exists
2021-02-05 13:19:26 INFO  Main:13 - Starting Bank Application.
2021-02-05 13:19:35 ERROR DBConnection:51 - ERROR: database "bankdb" is being accessed by other users
  Detail: There are 5 other sessions using the database.
2021-02-05 13:19:35 ERROR DBConnection:74 - ERROR: relation "users" already exists
2021-02-05 13:21:52 INFO  Main:13 - Starting Bank Application.
2021-02-05 13:22:01 ERROR DBConnection:51 - ERROR: database "bankdb" is being accessed by other users
  Detail: There are 3 other sessions using the database.
2021-02-05 13:22:01 ERROR DBConnection:74 - ERROR: relation "users" already exists
2021-02-05 13:22:42 INFO  Main:13 - Starting Bank Application.
2021-02-05 13:22:51 ERROR DBConnection:51 - ERROR: database "bankdb" is being accessed by other users
  Detail: There are 4 other sessions using the database.
2021-02-05 13:22:51 ERROR DBConnection:74 - ERROR: relation "users" already exists
2021-02-05 13:24:22 INFO  Main:13 - Starting Bank Application.
2021-02-05 13:24:31 ERROR DBConnection:56 - ERROR: database "bankdb" is being accessed by other users
  Detail: There are 4 other sessions using the database.
2021-02-05 13:24:31 ERROR DBConnection:79 - ERROR: relation "users" already exists
2021-02-05 13:25:19 INFO  Main:13 - Starting Bank Application.
2021-02-05 13:25:29 ERROR DBConnection:56 - ERROR: database "bankdb" is being accessed by other users
  Detail: There are 4 other sessions using the database.
2021-02-05 13:25:29 ERROR DBConnection:79 - ERROR: relation "users" already exists
2021-02-05 13:28:48 INFO  Main:13 - Starting Bank Application.
2021-02-05 13:29:39 INFO  Main:13 - Starting Bank Application.
2021-02-05 13:29:41 ERROR DBConnection:55 - Cannot commit when autoCommit is enabled.
2021-02-05 13:29:41 ERROR DBConnection:78 - Cannot commit when autoCommit is enabled.
2021-02-05 13:29:57 INFO  Main:13 - Starting Bank Application.
2021-02-05 13:47:29 INFO  Main:13 - Starting Bank Application.
2021-02-05 13:47:32 ERROR DBConnection:87 - ERROR: syntax error at or near "role"
  Position: 104
2021-02-05 13:48:53 INFO  Main:13 - Starting Bank Application.
2021-02-05 13:48:55 ERROR DBConnection:87 - ERROR: syntax error at or near "role"
  Position: 104
2021-02-05 13:53:28 INFO  Main:13 - Starting Bank Application.
2021-02-05 13:53:30 ERROR DBConnection:95 - ERROR: column "color" of relation "roles" does not exist
  Position: 20
2021-02-05 13:53:48 INFO  Main:13 - Starting Bank Application.
2021-02-05 13:53:51 ERROR DBConnection:95 - ERROR: syntax error at or near "role"
  Position: 104
2021-02-05 13:54:39 INFO  Main:13 - Starting Bank Application.
2021-02-05 13:54:41 ERROR DBConnection:95 - ERROR: syntax error at or near "role"
  Position: 104
2021-02-05 13:56:14 INFO  Main:13 - Starting Bank Application.
2021-02-05 13:56:16 ERROR DBConnection:95 - ERROR: syntax error at or near "role"
  Position: 104
2021-02-05 13:56:38 INFO  Main:13 - Starting Bank Application.
2021-02-05 13:56:40 ERROR DBConnection:95 - ERROR: syntax error at or near "EMPLOYEE"
  Position: 115
2021-02-05 13:57:02 INFO  Main:13 - Starting Bank Application.
2021-02-05 13:57:04 ERROR DBConnection:95 - ERROR: function gen_salt(unknown) does not exist
  Hint: No function matches the given name and argument types. You might need to add explicit type casts.
  Position: 97
2021-02-05 13:58:00 INFO  Main:13 - Starting Bank Application.
2021-02-05 13:58:02 ERROR DBConnection:95 - ERROR: function crypt(unknown) does not exist
  Hint: No function matches the given name and argument types. You might need to add explicit type casts.
  Position: 79
2021-02-05 13:58:55 INFO  Main:13 - Starting Bank Application.
2021-02-05 13:58:57 ERROR DBConnection:95 - ERROR: function gen_salt(unknown) does not exist
  Hint: No function matches the given name and argument types. You might need to add explicit type casts.
  Position: 97
2021-02-05 13:59:12 INFO  Main:13 - Starting Bank Application.
2021-02-05 13:59:14 ERROR DBConnection:95 - ERROR: column "employee" does not exist
  Position: 90
2021-02-05 13:59:38 INFO  Main:13 - Starting Bank Application.
2021-02-05 14:28:49 INFO  Main:13 - Starting Bank Application.
2021-02-05 14:28:52 ERROR DBConnection:103 - ERROR: type "double" does not exist
  Position: 87
2021-02-05 14:29:06 INFO  Main:13 - Starting Bank Application.
2021-02-05 22:26:53 INFO  Main:21 - Starting Bank Application.
2021-02-05 22:49:46 INFO  Main:19 - Starting Bank Application.
2021-02-05 22:51:10 INFO  Main:19 - Starting Bank Application.
2021-02-05 22:51:54 INFO  Main:19 - Starting Bank Application.
2021-02-05 22:59:26 INFO  Main:19 - Starting Bank Application.
2021-02-05 23:00:19 INFO  Main:19 - Starting Bank Application.
2021-02-05 23:04:36 INFO  Main:20 - Starting Bank Application.
2021-02-05 23:24:58 INFO  Main:20 - Starting Bank Application.
2021-02-06 00:18:42 INFO  Main:20 - Starting Bank Application.
2021-02-06 00:28:45 INFO  Main:20 - Starting Bank Application.
2021-02-06 00:28:55 INFO  Main:20 - Starting Bank Application.
2021-02-06 00:29:47 INFO  Main:20 - Starting Bank Application.
2021-02-06 00:48:05 INFO  Main:21 - Starting Bank Application.
2021-02-06 01:09:26 INFO  Main:22 - Starting Bank Application.
2021-02-06 01:27:36 INFO  Main:22 - Starting Bank Application.
2021-02-06 01:28:29 INFO  Main:22 - Starting Bank Application.
2021-02-06 01:29:16 INFO  Main:22 - Starting Bank Application.
2021-02-06 01:36:50 INFO  Main:22 - Starting Bank Application.
2021-02-05 16:14:50 INFO  Main:25 - Starting Bank Application.
2021-02-05 16:15:33 ERROR DBConnection:24 - FATAL: database "bankdb" does not exist
2021-02-05 16:16:41 INFO  Main:25 - Starting Bank Application.
2021-02-05 16:17:31 ERROR DBConnection:24 - FATAL: database "bankdb" does not exist
2021-02-05 16:22:02 INFO  Main:25 - Starting Bank Application.
2021-02-05 16:22:03 ERROR DBConnection:97 - ERROR: column "employee" does not exist
  Position: 62
2021-02-05 16:22:40 ERROR Main:61 - No account registered with email id: employee@mybank.com
2021-02-05 16:23:34 INFO  Main:79 - New account created by: employee@mybank.com
2021-02-05 16:26:23 ERROR Main:61 - Your account hasn't been approved yet.
2021-02-05 16:27:08 ERROR Main:87 - ERROR: duplicate key value violates unique constraint "users_email_key"
  Detail: Key (email)=(employee@mybank.com) already exists.
2021-02-05 16:28:22 INFO  Main:79 - New account created by: waeil@gmail.com
2021-02-05 16:40:02 INFO  Main:25 - Starting Bank Application.
2021-02-05 16:40:03 ERROR DBConnection:97 - ERROR: column "employee" does not exist
  Position: 62
2021-02-05 16:40:40 ERROR Main:61 - No account registered with email id: Adam@gmail.com
2021-02-05 16:42:05 INFO  Main:79 - New account created by: waeil@gmail.com
2021-02-05 16:46:50 INFO  Main:25 - Starting Bank Application.
2021-02-05 16:46:52 ERROR DBConnection:97 - ERROR: column "employee" does not exist
  Position: 62
2021-02-05 16:47:41 INFO  Main:25 - Starting Bank Application.
2021-02-05 16:47:42 ERROR DBConnection:97 - ERROR: column "employee" does not exist
  Position: 62
2021-02-05 16:48:11 INFO  Main:79 - New account created by: Ali45@yahoo.com
2021-02-05 16:55:56 ERROR Main:61 - Your account hasn't been approved yet.
2021-02-05 16:56:37 INFO  Main:25 - Starting Bank Application.
2021-02-05 16:56:38 ERROR DBConnection:97 - ERROR: column "employee" does not exist
  Position: 62
2021-02-05 16:57:17 INFO  Main:79 - New account created by: waeil@2525Yahoo.com
2021-02-05 17:06:51 INFO  Main:25 - Starting Bank Application.
2021-02-05 17:07:23 ERROR Main:61 - No account registered with email id: Waeil2525@yahoo.com
2021-02-05 17:15:45 INFO  Main:25 - Starting Bank Application.
2021-02-05 17:15:47 ERROR DBConnection:97 - ERROR: column "employee" does not exist
  Position: 62
2021-02-05 17:16:19 INFO  Main:79 - New account created by: waeil55@yahoo.com
2021-02-05 17:17:04 ERROR Main:61 - Your account hasn't been approved yet.
2021-02-05 17:20:11 ERROR Main:61 - No account registered with email id:  waeil55@yahoo.com
2021-02-05 17:20:47 INFO  Main:25 - Starting Bank Application.
2021-02-05 17:21:10 ERROR Main:61 - No account registered with email id: Waeil55@yahoo.com
2021-02-05 17:26:05 INFO  Main:25 - Starting Bank Application.
2021-02-05 17:28:47 INFO  Main:25 - Starting Bank Application.
2021-02-05 17:29:10 ERROR Main:61 - No account registered with email id: Waeil55@yahoo.com
2021-02-05 17:29:37 INFO  Main:25 - Starting Bank Application.
2021-02-05 17:29:39 ERROR DBConnection:97 - ERROR: column "waeil55" does not exist
  Position: 62
2021-02-05 17:30:12 INFO  Main:79 - New account created by: Waeil66@yahoo.com
2021-02-05 17:32:34 ERROR Main:61 - Your account hasn't been approved yet.
2021-02-05 17:35:46 INFO  Main:79 - New account created by: waeil5050@yahoo.com
2021-02-05 17:36:45 ERROR Main:61 - Your account hasn't been approved yet.
2021-02-05 17:49:10 INFO  Main:25 - Starting Bank Application.
2021-02-05 17:50:15 ERROR Main:61 - No account registered with email id: Waeil66@yahoo.com
2021-02-05 17:50:42 ERROR Main:61 - Your account hasn't been approved yet.
2021-02-05 18:15:17 INFO  Main:25 - Starting Bank Application.
2021-02-05 18:15:19 ERROR DBConnection:97 - ERROR: column "waeil66" does not exist
  Position: 62
2021-02-05 18:15:56 INFO  Main:79 - New account created by: Babo50@yahoo.com
2021-02-05 18:16:56 ERROR Main:61 - Your account hasn't been approved yet.
2021-02-05 18:21:30 ERROR Main:61 - No account registered with email id: Waeil66@yahoo.com
2021-02-05 18:22:17 ERROR Main:61 - No account registered with email id: Babo50@yahoo.com
2021-02-05 18:23:00 INFO  Main:25 - Starting Bank Application.
2021-02-05 18:23:31 ERROR Main:61 - Your account hasn't been approved yet.
2021-02-05 19:10:41 INFO  Main:25 - Starting Bank Application.
2021-02-05 19:16:19 INFO  Main:25 - Starting Bank Application.
2021-02-05 19:17:39 ERROR Main:61 - No account registered with email id: 
2021-02-05 19:18:03 ERROR Main:61 - Your account hasn't been approved yet.
2021-02-05 19:21:06 ERROR Main:87 - ERROR: duplicate key value violates unique constraint "users_email_key"
  Detail: Key (email)=(Babo50@yahoo.com) already exists.
2021-02-05 19:22:05 INFO  Main:79 - New account created by: waeilHassan24@yahoo.com
2021-02-05 19:24:31 ERROR Main:61 - No account registered with email id:  waeilHassan24@yahoo.com
2021-02-05 19:24:57 INFO  Main:25 - Starting Bank Application.
2021-02-05 19:25:10 ERROR Main:61 - Your account hasn't been approved yet.
2021-02-05 19:26:52 INFO  Main:25 - Starting Bank Application.
2021-02-05 19:27:43 INFO  Main:79 - New account created by: David45@gmail.com
2021-02-05 19:28:13 ERROR Main:61 - Your account hasn't been approved yet.
2021-02-05 20:30:03 INFO  Main:25 - Starting Bank Application.
2021-02-05 20:30:56 ERROR Main:61 - No account registered with email id: waeilHassan24@yahoo.com
2021-02-05 20:31:42 ERROR Main:61 - No account registered with email id: waeilHassan24@yahoo.com
2021-02-05 20:32:18 ERROR Main:61 - Your account hasn't been approved yet.
2021-02-05 20:33:13 INFO  Main:25 - Starting Bank Application.
2021-02-06 03:47:25 INFO  Main:25 - Starting Bank Application.
2021-02-06 03:47:57 INFO  Main:79 - New account created by: waeil2525@yahoo.com
2021-02-06 03:57:54 INFO  Main:25 - Starting Bank Application.
2021-02-06 04:03:30 INFO  Main:25 - Starting Bank Application.
2021-02-06 04:04:09 ERROR Main:61 - Your account hasn't been approved yet.
2021-02-06 04:04:31 INFO  Main:25 - Starting Bank Application.
2021-02-06 04:04:32 ERROR DBConnection:97 - ERROR: column "waeil66" does not exist
  Position: 62
2021-02-06 04:05:02 INFO  Main:79 - New account created by: hassan@yahoo.com
2021-02-06 04:05:21 INFO  Main:25 - Starting Bank Application.
2021-02-06 04:05:38 ERROR Main:61 - No account registered with email id: hassan@yahoo.com
2021-02-06 04:05:57 INFO  Main:25 - Starting Bank Application.
2021-02-06 04:05:58 ERROR DBConnection:97 - ERROR: column "waeil66" does not exist
  Position: 62
2021-02-06 04:06:09 INFO  Main:79 - New account created by: hassan@yahoo.com
2021-02-06 04:06:37 ERROR Main:61 - Your account hasn't been approved yet.
2021-02-06 04:48:55 ERROR DBConnection:24 - Connection to localhost:5432 refused. Check that the hostname and port are correct and that the postmaster is accepting TCP/IP connections.
2021-02-06 04:58:26 INFO  Main:25 - Starting Bank Application.
2021-02-06 04:58:27 ERROR DBConnection:97 - ERROR: column "waeil66" does not exist
  Position: 62
2021-02-06 04:58:56 INFO  Main:79 - New account created by: Adam24@yahoo.com
2021-02-06 04:59:13 INFO  Main:25 - Starting Bank Application.
2021-02-06 04:59:25 ERROR Main:61 - Your account hasn't been approved yet.
2021-02-06 05:12:43 ERROR Main:61 - Your account hasn't been approved yet.
2021-02-06 05:13:16 ERROR Main:61 - Your account hasn't been approved yet.
2021-02-06 05:25:36 INFO  Main:25 - Starting Bank Application.
2021-02-06 05:27:32 ERROR Main:61 - No account registered with email id: Adam24@yahoo.com
2021-02-06 05:30:18 ERROR Main:61 - No account registered with email id: waeil2525@yahoo.com
2021-02-06 05:30:38 INFO  Main:25 - Starting Bank Application.
2021-02-06 05:30:54 ERROR Main:61 - No account registered with email id: hassan@yahoo.com
2021-02-06 05:31:06 ERROR Main:61 - No account registered with email id: hassan@yahoo.com
2021-02-06 05:31:56 INFO  Main:25 - Starting Bank Application.
2021-02-06 05:31:57 ERROR DBConnection:97 - ERROR: column "waeil66" does not exist
  Position: 62
2021-02-06 05:32:11 ERROR Main:61 - No account registered with email id: hassan@yahoo.com
2021-02-06 05:32:24 INFO  Main:79 - New account created by: hassan@yahoo.com
2021-02-06 05:32:45 ERROR Main:87 - ERROR: duplicate key value violates unique constraint "users_email_key"
  Detail: Key (email)=(hassan@yahoo.com) already exists.
2021-02-06 05:35:33 INFO  Main:25 - Starting Bank Application.
2021-02-06 05:48:59 INFO  Main:25 - Starting Bank Application.
2021-02-06 05:51:35 INFO  Main:25 - Starting Bank Application.
2021-02-06 05:53:46 INFO  Main:25 - Starting Bank Application.
2021-02-06 06:21:21 INFO  Main:25 - Starting Bank Application.
2021-02-06 06:21:21 ERROR DBConnection:92 - ERROR: relation "roles" already exists
2021-02-06 06:22:05 INFO  Main:79 - New account created by: waeil50@yahoo.com
2021-02-06 06:23:06 INFO  Main:25 - Starting Bank Application.
2021-02-06 06:23:18 ERROR Main:61 - Your account hasn't been approved yet.
2021-02-06 06:55:05 INFO  Main:25 - Starting Bank Application.
2021-02-06 06:58:24 INFO  Main:25 - Starting Bank Application.
2021-02-06 06:58:24 ERROR DBConnection:92 - FATAL: database "bankdb" does not exist
  Detail: The database subdirectory "base/16567" is missing.
2021-02-06 07:00:20 INFO  Main:25 - Starting Bank Application.
2021-02-06 07:00:45 ERROR Main:61 - No account registered with email id: waeil_mohamadi@yahoo.com
2021-02-06 07:01:13 INFO  Main:79 - New account created by: waeil_mohamadi@yahoo.com
2021-02-06 07:02:23 INFO  Main:25 - Starting Bank Application.
2021-02-06 07:02:32 ERROR Main:61 - Your account hasn't been approved yet.
2021-02-06 07:19:49 INFO  Main:25 - Starting Bank Application.
2021-02-06 07:20:02 ERROR Main:61 - Your account hasn't been approved yet.
2021-02-06 07:38:16 INFO  Main:25 - Starting Bank Application.
2021-02-06 07:38:41 ERROR Main:61 - ERROR: relation "users" does not exist
  Position: 15
2021-02-06 07:43:59 ERROR Main:61 - No account registered with email id:  waeil_mohamadi@yahoo.com
2021-02-06 07:44:21 INFO  Main:25 - Starting Bank Application.
2021-02-06 07:44:30 INFO  Main:79 - New account created by: waeil_mohamadi@yahoo.com
2021-02-06 07:46:39 INFO  Main:55 - Logged in user: employee@mybank.com
2021-02-06 07:52:51 INFO  Main:421 - Account status has been changed for: 2
2021-02-06 07:57:05 ERROR Main:477 - Account not found
2021-02-06 08:08:47 INFO  Main:25 - Starting Bank Application.
2021-02-06 08:08:59 INFO  Main:55 - Logged in user: waeil_mohamadi@yahoo.com
2021-02-06 08:09:23 INFO  Main:128 - New back account created by: waeil_mohamadi@yahoo.com
2021-02-06 08:10:55 ERROR Main:162 - Account not found
2021-02-06 08:13:46 ERROR Main:222 - Account not found
2021-02-06 08:16:25 INFO  Main:128 - New back account created by: waeil_mohamadi@yahoo.com
2021-02-06 08:17:37 ERROR Main:162 - Account not found
2021-02-06 08:18:13 INFO  Main:25 - Starting Bank Application.
2021-02-06 08:18:40 ERROR Main:87 - ERROR: duplicate key value violates unique constraint "users_email_key"
  Detail: Key (email)=(waeil_mohamadi@yahoo.com) already exists.
2021-02-06 08:20:11 INFO  Main:79 - New account created by: Babo50@yahoo.com
2021-02-06 08:20:39 ERROR Main:61 - No account registered with email id:  Babo50@yahoo.com
2021-02-06 08:20:46 INFO  Main:25 - Starting Bank Application.
2021-02-06 08:20:56 ERROR Main:61 - No account registered with email id:  Babo50@yahoo.com
2021-02-06 08:21:52 INFO  Main:55 - Logged in user: waeil_mohamadi@yahoo.com
2021-02-06 08:26:34 INFO  Main:209 - waeil_mohamadi@yahoo.com withdrawn 5000.0 amount
2021-02-06 08:28:37 INFO  Main:263 - Amount: 10000.0 has been deposited by: waeil_mohamadi@yahoo.com
2021-02-06 08:30:38 INFO  Main:333 - Amount: 10000.0 has been deposited to account number: 2 by: waeil_mohamadi@yahoo.com
2021-02-06 08:32:56 INFO  Main:25 - Starting Bank Application.
2021-02-06 08:33:16 INFO  Main:25 - Starting Bank Application.
2021-02-06 08:33:43 INFO  Main:79 - New account created by: Babo12@yahoo.com
2021-02-06 08:34:26 ERROR Main:61 - Your account hasn't been approved yet.
2021-02-06 08:34:53 INFO  Main:25 - Starting Bank Application.
2021-02-06 08:35:08 ERROR Main:61 - Your account hasn't been approved yet.
2021-02-06 08:36:58 INFO  Main:25 - Starting Bank Application.
2021-02-06 08:37:27 ERROR Main:61 - Your account hasn't been approved yet.
2021-02-06 08:37:52 INFO  Main:79 - New account created by:  Babo12@yahoo.com
2021-02-06 08:38:10 ERROR Main:61 - Your account hasn't been approved yet.
2021-02-06 08:38:38 INFO  Main:55 - Logged in user: waeil_mohamadi@yahoo.com
2021-02-06 08:41:54 INFO  Main:25 - Starting Bank Application.
2021-02-06 08:42:12 INFO  Main:55 - Logged in user: employee@mybank.com
2021-02-06 08:43:17 INFO  Main:421 - Account status has been changed for: 4
2021-02-06 08:49:03 INFO  Main:25 - Starting Bank Application.
2021-02-06 08:49:53 ERROR Main:61 - No account registered with email id: Babo50@yahoo.com
2021-02-06 08:50:27 INFO  Main:55 - Logged in user: Babo50@yahoo.com
2021-02-07 01:42:15 INFO  Main:25 - Starting Bank Application.
2021-02-07 01:42:41 INFO  Main:55 - Logged in user: employee@mybank.com
2021-02-07 03:02:09 INFO  Main:25 - Starting Bank Application.
2021-02-07 03:02:43 ERROR Main:61 - Your account hasn't been approved yet.
2021-02-08 10:20:47 INFO  Main:25 - Starting Bank Application.
2021-02-08 10:21:11 INFO  Main:55 - Logged in user: waeil_mohamadi@yahoo.com
2021-02-08 10:22:30 INFO  Main:25 - Starting Bank Application.
2021-02-08 10:22:43 INFO  Main:25 - Starting Bank Application.
2021-02-08 10:23:19 INFO  Main:55 - Logged in user: waeil_mohamadi@yahoo.com
2021-02-08 10:31:28 INFO  Main:25 - Starting Bank Application.
2021-02-08 10:32:59 INFO  Main:25 - Starting Bank Application.
2021-02-08 13:25:59 INFO  Main:25 - Starting Bank Application.
2021-02-08 13:26:31 INFO  Main:55 - Logged in user: waeil_mohamadi@yahoo.com
2021-02-08 13:29:01 INFO  Main:264 - Amount: 100.0 has been deposited by: waeil_mohamadi@yahoo.com
2021-02-08 13:36:35 INFO  Main:129 - New back account created by: waeil_mohamadi@yahoo.com
2021-02-08 13:42:10 INFO  Main:55 - Logged in user: employee@mybank.com
2021-02-08 13:45:50 INFO  Main:423 - Account status has been changed for: 6
2021-02-08 14:21:22 INFO  Main:25 - Starting Bank Application.
2021-02-08 14:22:35 INFO  Main:79 - New account created by: Mousab15@gmail.com
2021-02-08 14:24:04 ERROR Main:61 - Your account hasn't been approved yet.
2021-02-08 14:26:28 ERROR Main:61 - No account registered with email id: waeil78@yahoo.com
2021-02-08 14:28:18 INFO  Main:55 - Logged in user: waeil_mohamadi@yahoo.com
2021-02-08 14:31:44 INFO  Main:210 - waeil_mohamadi@yahoo.com withdrawn 10000.0 amount
2021-02-08 14:33:19 INFO  Main:210 - waeil_mohamadi@yahoo.com withdrawn 8873888.0 amount
2021-02-08 14:40:18 INFO  Main:25 - Starting Bank Application.
2021-02-08 14:40:41 INFO  Main:55 - Logged in user: waeil_mohamadi@yahoo.com
2021-02-08 14:42:41 INFO  Main:25 - Starting Bank Application.
2021-02-08 14:43:05 INFO  Main:55 - Logged in user: waeil_mohamadi@yahoo.com
2021-02-09 03:33:41 INFO  Main:55 - Logged in user: employee@mybank.com
2021-02-09 03:35:59 INFO  Main:426 - Account status has been changed for: 2
2021-02-09 04:18:16 INFO  Main:55 - Logged in user: waeil_mohamadi@yahoo.com
2021-02-09 04:19:00 ERROR Main:166 - Account not found
2021-02-09 04:24:51 ERROR Main:166 - Account not found
2021-02-09 04:50:22 INFO  Main:25 - Starting Bank Application.
2021-02-09 04:50:48 INFO  Main:55 - Logged in user: waeil_mohamadi@yahoo.com
2021-02-09 04:51:11 ERROR Main:166 - Account not found
2021-02-09 13:15:24 INFO  Main:25 - Starting Bank Application.
2021-02-10 03:14:45 INFO  Main:25 - Starting Bank Application.
2021-02-10 03:21:47 INFO  Main:55 - Logged in user: waeil_mohamadi@yahoo.com
2021-02-11 09:08:05 INFO  Main:25 - Starting Bank Application.
2021-02-11 09:08:44 INFO  Main:79 - New account created by: Ali23@yahoo.com
2021-02-11 09:09:46 ERROR Main:61 - Your account hasn't been approved yet.
2021-02-11 09:11:18 INFO  Main:55 - Logged in user: employee@mybank.com
2021-02-11 09:12:32 INFO  Main:426 - Account status has been changed for: 10
2021-02-11 09:13:03 INFO  Main:25 - Starting Bank Application.
2021-02-11 09:13:21 INFO  Main:55 - Logged in user: Ali23@yahoo.com
2021-02-11 09:14:44 INFO  Main:267 - Amount: 1500.0 has been deposited by: Ali23@yahoo.com
2021-02-11 09:15:45 INFO  Main:267 - Amount: 1.0 has been deposited by: Ali23@yahoo.com
2021-02-11 09:16:28 ERROR Main:278 - Account not found
2021-02-11 15:20:11 INFO  Main:25 - Starting Bank Application.
2021-02-14 15:01:20 INFO  Main:25 - Starting Bank Application.
